0 verbose cli /usr/bin/node /usr/bin/npm
1 info using npm@9.2.0
2 info using node@v18.19.1
3 timing npm:load:whichnode Completed in 0ms
4 timing config:load:defaults Completed in 2ms
5 timing config:load:file:/usr/share/nodejs/npm/npmrc Completed in 5ms
6 timing config:load:builtin Completed in 5ms
7 timing config:load:cli Completed in 3ms
8 timing config:load:env Completed in 0ms
9 timing config:load:file:/home/ubuntu/AWS-Session/.npmrc Completed in 0ms
10 timing config:load:project Completed in 2ms
11 timing config:load:file:/home/ubuntu/.npmrc Completed in 0ms
12 timing config:load:user Completed in 0ms
13 timing config:load:file:/etc/npmrc Completed in 0ms
14 timing config:load:global Completed in 0ms
15 timing config:load:setEnvs Completed in 1ms
16 timing config:load Completed in 14ms
17 timing npm:load:configload Completed in 14ms
18 timing npm:load:mkdirpcache Completed in 0ms
19 timing npm:load:mkdirplogs Completed in 1ms
20 verbose title npm install
21 verbose argv "install"
22 timing npm:load:setTitle Completed in 2ms
23 timing config:load:flatten Completed in 5ms
24 timing npm:load:display Completed in 6ms
25 verbose logfile logs-max:10 dir:/home/ubuntu/.npm/_logs/2026-02-10T08_20_51_933Z-
26 verbose logfile /home/ubuntu/.npm/_logs/2026-02-10T08_20_51_933Z-debug-0.log
27 timing npm:load:logFile Completed in 9ms
28 timing npm:load:timers Completed in 0ms
29 timing npm:load:configScope Completed in 0ms
30 timing npm:load Completed in 35ms
31 silly logfile done cleaning log files
32 timing config:load:flatten Completed in 0ms
33 timing arborist:ctor Completed in 0ms
34 timing idealTree:init Completed in 136ms
35 timing idealTree:userRequests Completed in 0ms
36 silly idealTree buildDeps
37 timing idealTree:#root Completed in 0ms
38 timing idealTree:buildDeps Completed in 3ms
39 timing idealTree:fixDepFlags Completed in 0ms
40 timing idealTree Completed in 145ms
41 timing arborist:ctor Completed in 0ms
42 timing reify:loadTrees Completed in 211ms
43 timing reify:diffTrees Completed in 5ms
44 silly reify moves {}
45 timing reify:retireShallow Completed in 2ms
46 timing reify:createSparse Completed in 2ms
47 timing reify:loadBundles Completed in 0ms
48 silly audit bulk request {
48 silly audit   '@types/node': [ '25.2.2' ],
48 silly audit   accepts: [ '1.3.8' ],
48 silly audit   anymatch: [ '3.1.3' ],
48 silly audit   'array-flatten': [ '1.1.1' ],
48 silly audit   'balanced-match': [ '1.0.2' ],
48 silly audit   'binary-extensions': [ '2.3.0' ],
48 silly audit   'body-parser': [ '1.20.4' ],
48 silly audit   'brace-expansion': [ '1.1.12' ],
48 silly audit   braces: [ '3.0.3' ],
48 silly audit   bytes: [ '3.1.2' ],
48 silly audit   'call-bind-apply-helpers': [ '1.0.2' ],
48 silly audit   'call-bound': [ '1.0.4' ],
48 silly audit   chokidar: [ '3.6.0' ],
48 silly audit   'concat-map': [ '0.0.1' ],
48 silly audit   'content-disposition': [ '0.5.4' ],
48 silly audit   'content-type': [ '1.0.5' ],
48 silly audit   cookie: [ '0.7.2' ],
48 silly audit   'cookie-signature': [ '1.0.7' ],
48 silly audit   debug: [ '2.6.9', '3.2.7' ],
48 silly audit   depd: [ '2.0.0' ],
48 silly audit   destroy: [ '1.2.0' ],
48 silly audit   dotenv: [ '16.6.1' ],
48 silly audit   'dunder-proto': [ '1.0.1' ],
48 silly audit   'ee-first': [ '1.1.1' ],
48 silly audit   encodeurl: [ '2.0.0' ],
48 silly audit   'es-define-property': [ '1.0.1' ],
48 silly audit   'es-errors': [ '1.3.0' ],
48 silly audit   'es-object-atoms': [ '1.1.1' ],
48 silly audit   'escape-html': [ '1.0.3' ],
48 silly audit   etag: [ '1.8.1' ],
48 silly audit   express: [ '4.22.1' ],
48 silly audit   'fill-range': [ '7.1.1' ],
48 silly audit   finalhandler: [ '1.3.2' ],
48 silly audit   forwarded: [ '0.2.0' ],
48 silly audit   fresh: [ '0.5.2' ],
48 silly audit   fsevents: [ '2.3.3' ],
48 silly audit   'function-bind': [ '1.1.2' ],
48 silly audit   'get-intrinsic': [ '1.3.0' ],
48 silly audit   'get-proto': [ '1.0.1' ],
48 silly audit   'glob-parent': [ '5.1.2' ],
48 silly audit   gopd: [ '1.2.0' ],
48 silly audit   'has-flag': [ '3.0.0' ],
48 silly audit   'has-symbols': [ '1.1.0' ],
48 silly audit   hasown: [ '2.0.2' ],
48 silly audit   'http-errors': [ '2.0.1' ],
48 silly audit   'iconv-lite': [ '0.4.24' ],
48 silly audit   'ignore-by-default': [ '1.0.1' ],
48 silly audit   inherits: [ '2.0.4' ],
48 silly audit   'ipaddr.js': [ '1.9.1' ],
48 silly audit   'is-binary-path': [ '2.1.0' ],
48 silly audit   'is-extglob': [ '2.1.1' ],
48 silly audit   'is-glob': [ '4.0.3' ],
48 silly audit   'is-number': [ '7.0.0' ],
48 silly audit   'math-intrinsics': [ '1.1.0' ],
48 silly audit   'media-typer': [ '0.3.0' ],
48 silly audit   'merge-descriptors': [ '1.0.3' ],
48 silly audit   methods: [ '1.1.2' ],
48 silly audit   mime: [ '1.6.0' ],
48 silly audit   'mime-db': [ '1.52.0' ],
48 silly audit   'mime-types': [ '2.1.35' ],
48 silly audit   minimatch: [ '3.1.2' ],
48 silly audit   ms: [ '2.0.0', '2.1.3' ],
48 silly audit   negotiator: [ '0.6.3' ],
48 silly audit   nodemon: [ '2.0.22' ],
48 silly audit   'normalize-path': [ '3.0.0' ],
48 silly audit   'object-inspect': [ '1.13.4' ],
48 silly audit   'on-finished': [ '2.4.1' ],
48 silly audit   parseurl: [ '1.3.3' ],
48 silly audit   'path-to-regexp': [ '0.1.12' ],
48 silly audit   picomatch: [ '2.3.1' ],
48 silly audit   'proxy-addr': [ '2.0.7' ],
48 silly audit   'pstree.remy': [ '1.1.8' ],
48 silly audit   qs: [ '6.14.1' ],
48 silly audit   'range-parser': [ '1.2.1' ],
48 silly audit   'raw-body': [ '2.5.3' ],
48 silly audit   readdirp: [ '3.6.0' ],
48 silly audit   'safe-buffer': [ '5.2.1' ],
48 silly audit   'safer-buffer': [ '2.1.2' ],
48 silly audit   semver: [ '5.7.2', '7.0.0' ],
48 silly audit   send: [ '0.19.2' ],
48 silly audit   'serve-static': [ '1.16.3' ],
48 silly audit   setprototypeof: [ '1.2.0' ],
48 silly audit   'side-channel': [ '1.1.0' ],
48 silly audit   'side-channel-list': [ '1.0.0' ],
48 silly audit   'side-channel-map': [ '1.0.1' ],
48 silly audit   'side-channel-weakmap': [ '1.0.2' ],
48 silly audit   'simple-update-notifier': [ '1.1.0' ],
48 silly audit   statuses: [ '2.0.2' ],
48 silly audit   stripe: [ '9.16.0' ],
48 silly audit   'supports-color': [ '5.5.0' ],
48 silly audit   'to-regex-range': [ '5.0.1' ],
48 silly audit   toidentifier: [ '1.0.1' ],
48 silly audit   touch: [ '3.1.1' ],
48 silly audit   'type-is': [ '1.6.18' ],
48 silly audit   undefsafe: [ '2.0.5' ],
48 silly audit   'undici-types': [ '7.16.0' ],
48 silly audit   unpipe: [ '1.0.0' ],
48 silly audit   'utils-merge': [ '1.0.1' ],
48 silly audit   vary: [ '1.1.2' ]
48 silly audit }
49 verbose reify failed optional dependency /home/ubuntu/AWS-Session/node_modules/fsevents
50 silly reify mark deleted [ '/home/ubuntu/AWS-Session/node_modules/fsevents' ]
51 timing reifyNode:node_modules/fsevents Completed in 49ms
52 timing reify:unpack Completed in 49ms
53 timing reify:unretire Completed in 0ms
54 timing build:queue Completed in 6ms
55 timing build:deps Completed in 7ms
56 timing build Completed in 7ms
57 timing reify:build Completed in 7ms
58 timing reify:trash Completed in 2ms
59 timing reify:save Completed in 41ms
60 http fetch POST 200 https://registry.npmjs.org/-/npm/v1/security/advisories/bulk 233ms
61 timing auditReport:getReport Completed in 240ms
62 silly audit report {
62 silly audit report   semver: [
62 silly audit report     {
62 silly audit report       id: 1112921,
62 silly audit report       url: 'https://github.com/advisories/GHSA-c2qf-rxjj-qqgw',
62 silly audit report       title: 'semver vulnerable to Regular Expression Denial of Service',
62 silly audit report       severity: 'high',
62 silly audit report       vulnerable_versions: '>=7.0.0 <7.5.2',
62 silly audit report       cwe: [Array],
62 silly audit report       cvss: [Object]
62 silly audit report     }
62 silly audit report   ]
62 silly audit report }
63 timing metavuln:cache:get:security-advisory:semver:k0CjOJivVSeZQqdpa+Al8NDNCdnkC52iwoc802/3iU22WysxoQZrTMTxZeC1kChwn28QwXXmNWDXVyosLz9JMw== Completed in 6ms
64 http fetch GET 200 https://registry.npmjs.org/semver 20ms (cache hit)
65 timing metavuln:packument:semver Completed in 22ms
66 timing metavuln:load:security-advisory:semver:1112921 Completed in 2ms
67 timing metavuln:calculate:security-advisory:semver:1112921 Completed in 25ms
68 timing metavuln:cache:get:security-advisory:simple-update-notifier:sAk3HqCEinqss3JaKQs47PvMnqkFDKonysISao6hyBRt+iknsEcByvy0kitPPPBq179dkQDlIWEPTcxTEudwTg== Completed in 2ms
69 http fetch GET 200 https://registry.npmjs.org/simple-update-notifier 4ms (cache hit)
70 timing metavuln:packument:simple-update-notifier Completed in 4ms
71 timing metavuln:load:security-advisory:simple-update-notifier:k0CjOJivVSeZQqdpa+Al8NDNCdnkC52iwoc802/3iU22WysxoQZrTMTxZeC1kChwn28QwXXmNWDXVyosLz9JMw== Completed in 0ms
72 timing metavuln:calculate:security-advisory:simple-update-notifier:k0CjOJivVSeZQqdpa+Al8NDNCdnkC52iwoc802/3iU22WysxoQZrTMTxZeC1kChwn28QwXXmNWDXVyosLz9JMw== Completed in 5ms
73 timing metavuln:cache:get:security-advisory:nodemon:htm+TwaS+mhq//1BkkiBKu99ztzqDZ9kEjJYPJ1rfA12qgcu0plmB9lPKvNwuPj0jlUGXOeVWs1QQjQf/F7QIw== Completed in 2ms
74 http fetch GET 200 https://registry.npmjs.org/nodemon 5ms (cache hit)
75 timing metavuln:packument:nodemon Completed in 7ms
76 timing metavuln:load:security-advisory:nodemon:sAk3HqCEinqss3JaKQs47PvMnqkFDKonysISao6hyBRt+iknsEcByvy0kitPPPBq179dkQDlIWEPTcxTEudwTg== Completed in 1ms
77 timing metavuln:calculate:security-advisory:nodemon:sAk3HqCEinqss3JaKQs47PvMnqkFDKonysISao6hyBRt+iknsEcByvy0kitPPPBq179dkQDlIWEPTcxTEudwTg== Completed in 9ms
78 timing auditReport:init Completed in 42ms
79 timing reify:audit Completed in 284ms
80 timing reify Completed in 508ms
81 silly ADD
82 timing command:install Completed in 528ms
83 verbose exit 0
84 timing npm Completed in 581ms
85 info ok
